<?xml version="1.0" encoding="UTF-8"?>
<Site BuildName="(empty)"
	BuildStamp="20241202-1155-Experimental"
	Name="robotis-op3"
	Generator="ctest-3.5.1"
	CompilerName="/usr/bin/g++"
	CompilerVersion="9.4.0"
	OSName="Linux"
	Hostname="robotis-op3"
	OSRelease="4.10.0-42-generic"
	OSVersion="#46~16.04.1-Ubuntu SMP Mon Dec 4 15:57:59 UTC 2017"
	OSPlatform="x86_64"
	Is64Bits="1"
	VendorString="GenuineIntel"
	VendorID="Intel Corporation"
	FamilyID="6"
	ModelID="142"
	ProcessorCacheSize="3072"
	NumberOfLogicalCPU="4"
	NumberOfPhysicalCPU="1"
	TotalVirtualMemory="8080"
	TotalPhysicalMemory="7868"
	LogicalProcessorsPerPhysical="4"
	ProcessorClockFrequency="2399.85"
	>
	<Testing>
		<StartDateTime>Dec 02 20:35 WIB</StartDateTime>
		<StartTestTime>1733146529</StartTestTime>
		<TestList/>
		<EndDateTime>Dec 02 20:35 WIB</EndDateTime>
		<EndTestTime>1733146529</EndTestTime>
		<ElapsedMinutes>0</ElapsedMinutes>
	</Testing>
</Site>
